{"contracts/Raffle.sol":{"l":{"61":3,"62":3,"63":3,"64":3,"65":3,"66":3,"67":3,"68":3,"74":17,"75":1,"77":16,"78":1,"80":15,"83":15,"106":15,"107":15,"108":15,"109":15,"110":15,"111":15,"121":11,"123":11,"124":1,"130":10,"131":10,"140":10,"157":6,"158":6,"159":6,"160":6,"161":6,"162":6,"163":6,"165":6,"166":0,"168":6,"178":1,"181":1,"185":1,"190":4,"194":1,"198":1,"202":1,"206":1,"210":3,"214":29,"218":29,"222":1,"226":1,"230":2},"path":"/home/trauki/hh-fcc/hardhat-smartcontract-lottery-fcc/contracts/Raffle.sol","s":{"1":3,"2":3,"3":3,"4":3,"5":3,"6":3,"7":3,"8":3,"9":17,"10":16,"11":15,"12":15,"13":15,"14":15,"15":15,"16":15,"17":15,"18":15,"19":11,"20":11,"21":10,"22":10,"23":10,"24":6,"25":6,"26":6,"27":6,"28":6,"29":6,"30":6,"31":6,"32":6,"33":1,"34":1,"35":1,"36":4,"37":1,"38":1,"39":1,"40":1,"41":3,"42":29,"43":29,"44":1,"45":1,"46":2},"b":{"1":[1,16],"2":[1,15],"3":[1,10],"4":[0,6]},"f":{"1":3,"2":17,"3":15,"4":11,"5":6,"6":1,"7":1,"8":1,"9":4,"10":1,"11":1,"12":1,"13":1,"14":3,"15":29,"16":29,"17":1,"18":1,"19":2},"fnMap":{"1":{"name":"constructor","line":60,"loc":{"start":{"line":53,"column":4},"end":{"line":69,"column":4}}},"2":{"name":"enterRaffle","line":71,"loc":{"start":{"line":71,"column":4},"end":{"line":84,"column":4}}},"3":{"name":"checkUpkeep","line":95,"loc":{"start":{"line":95,"column":4},"end":{"line":112,"column":4}}},"4":{"name":"performUpkeep","line":118,"loc":{"start":{"line":118,"column":4},"end":{"line":141,"column":4}}},"5":{"name":"fulfillRandomWords","line":147,"loc":{"start":{"line":147,"column":4},"end":{"line":169,"column":4}}},"6":{"name":"getVRFCoordinatorV2Address","line":173,"loc":{"start":{"line":173,"column":4},"end":{"line":179,"column":4}}},"7":{"name":"getGasLane","line":180,"loc":{"start":{"line":180,"column":4},"end":{"line":182,"column":4}}},"8":{"name":"getSubscriptionId","line":184,"loc":{"start":{"line":184,"column":4},"end":{"line":186,"column":4}}},"9":{"name":"getRaffleState","line":189,"loc":{"start":{"line":189,"column":4},"end":{"line":191,"column":4}}},"10":{"name":"getNumWords","line":193,"loc":{"start":{"line":193,"column":4},"end":{"line":195,"column":4}}},"11":{"name":"getRequestConfirmations","line":197,"loc":{"start":{"line":197,"column":4},"end":{"line":199,"column":4}}},"12":{"name":"getRecentWinner","line":201,"loc":{"start":{"line":201,"column":4},"end":{"line":203,"column":4}}},"13":{"name":"getPlayer","line":205,"loc":{"start":{"line":205,"column":4},"end":{"line":207,"column":4}}},"14":{"name":"getLastTimeStamp","line":209,"loc":{"start":{"line":209,"column":4},"end":{"line":211,"column":4}}},"15":{"name":"getInterval","line":213,"loc":{"start":{"line":213,"column":4},"end":{"line":215,"column":4}}},"16":{"name":"getEntranceFee","line":217,"loc":{"start":{"line":217,"column":4},"end":{"line":219,"column":4}}},"17":{"name":"getNumberOfPlayers","line":221,"loc":{"start":{"line":221,"column":4},"end":{"line":223,"column":4}}},"18":{"name":"getCallbackGasLimit","line":225,"loc":{"start":{"line":225,"column":4},"end":{"line":227,"column":4}}},"19":{"name":"getContractBalance","line":229,"loc":{"start":{"line":229,"column":4},"end":{"line":231,"column":4}}}},"statementMap":{"1":{"start":{"line":61,"column":8},"end":{"line":61,"column":69}},"2":{"start":{"line":62,"column":8},"end":{"line":62,"column":26}},"3":{"start":{"line":63,"column":8},"end":{"line":63,"column":28}},"4":{"start":{"line":64,"column":8},"end":{"line":64,"column":40}},"5":{"start":{"line":65,"column":8},"end":{"line":65,"column":34}},"6":{"start":{"line":66,"column":8},"end":{"line":66,"column":39}},"7":{"start":{"line":67,"column":8},"end":{"line":67,"column":40}},"8":{"start":{"line":68,"column":8},"end":{"line":68,"column":44}},"9":{"start":{"line":74,"column":8},"end":{"line":74,"column":2481}},"10":{"start":{"line":77,"column":8},"end":{"line":77,"column":2584}},"11":{"start":{"line":80,"column":8},"end":{"line":80,"column":42}},"12":{"start":{"line":83,"column":8},"end":{"line":83,"column":36}},"13":{"start":{"line":106,"column":8},"end":{"line":106,"column":55}},"14":{"start":{"line":107,"column":8},"end":{"line":107,"column":76}},"15":{"start":{"line":108,"column":8},"end":{"line":108,"column":46}},"16":{"start":{"line":109,"column":8},"end":{"line":109,"column":51}},"17":{"start":{"line":110,"column":8},"end":{"line":110,"column":72}},"18":{"start":{"line":111,"column":8},"end":{"line":111,"column":35}},"19":{"start":{"line":121,"column":8},"end":{"line":121,"column":47}},"20":{"start":{"line":123,"column":8},"end":{"line":123,"column":4247}},"21":{"start":{"line":130,"column":8},"end":{"line":130,"column":46}},"22":{"start":{"line":131,"column":8},"end":{"line":131,"column":4507}},"23":{"start":{"line":140,"column":8},"end":{"line":140,"column":45}},"24":{"start":{"line":157,"column":8},"end":{"line":157,"column":65}},"25":{"start":{"line":158,"column":8},"end":{"line":158,"column":63}},"26":{"start":{"line":159,"column":8},"end":{"line":159,"column":36}},"27":{"start":{"line":160,"column":8},"end":{"line":160,"column":43}},"28":{"start":{"line":161,"column":8},"end":{"line":161,"column":39}},"29":{"start":{"line":162,"column":8},"end":{"line":162,"column":40}},"30":{"start":{"line":163,"column":8},"end":{"line":163,"column":78}},"31":{"start":{"line":165,"column":8},"end":{"line":165,"column":5752}},"32":{"start":{"line":168,"column":8},"end":{"line":168,"column":39}},"33":{"start":{"line":178,"column":8},"end":{"line":178,"column":31}},"34":{"start":{"line":181,"column":8},"end":{"line":181,"column":24}},"35":{"start":{"line":185,"column":8},"end":{"line":185,"column":31}},"36":{"start":{"line":190,"column":8},"end":{"line":190,"column":28}},"37":{"start":{"line":194,"column":8},"end":{"line":194,"column":24}},"38":{"start":{"line":198,"column":8},"end":{"line":198,"column":36}},"39":{"start":{"line":202,"column":8},"end":{"line":202,"column":29}},"40":{"start":{"line":206,"column":8},"end":{"line":206,"column":31}},"41":{"start":{"line":210,"column":8},"end":{"line":210,"column":30}},"42":{"start":{"line":214,"column":8},"end":{"line":214,"column":25}},"43":{"start":{"line":218,"column":8},"end":{"line":218,"column":28}},"44":{"start":{"line":222,"column":8},"end":{"line":222,"column":31}},"45":{"start":{"line":226,"column":8},"end":{"line":226,"column":33}},"46":{"start":{"line":230,"column":8},"end":{"line":230,"column":36}}},"branchMap":{"1":{"line":74,"type":"if","locations":[{"start":{"line":74,"column":8},"end":{"line":74,"column":8}},{"start":{"line":74,"column":8},"end":{"line":74,"column":8}}]},"2":{"line":77,"type":"if","locations":[{"start":{"line":77,"column":8},"end":{"line":77,"column":8}},{"start":{"line":77,"column":8},"end":{"line":77,"column":8}}]},"3":{"line":123,"type":"if","locations":[{"start":{"line":123,"column":8},"end":{"line":123,"column":8}},{"start":{"line":123,"column":8},"end":{"line":123,"column":8}}]},"4":{"line":165,"type":"if","locations":[{"start":{"line":165,"column":8},"end":{"line":165,"column":8}},{"start":{"line":165,"column":8},"end":{"line":165,"column":8}}]}}},"contracts/test/TestHelper.sol":{"l":{},"path":"/home/trauki/hh-fcc/hardhat-smartcontract-lottery-fcc/contracts/test/TestHelper.sol","s":{},"b":{},"f":{},"fnMap":{},"statementMap":{},"branchMap":{}},"contracts/test/VRFCoordinatorV2Mock.sol":{"l":{},"path":"/home/trauki/hh-fcc/hardhat-smartcontract-lottery-fcc/contracts/test/VRFCoordinatorV2Mock.sol","s":{},"b":{},"f":{},"fnMap":{},"statementMap":{},"branchMap":{}}}